# JRE version: Java(TM) SE Runtime Environment (9.0+11) (build 9.0.4+11)
# Java VM: Java HotSpot(TM) 64-Bit Server VM (9.0.4+11, mixed mode, tiered, compressed oops, g1 gc, windows-amd64)
Heap:
 garbage-first heap   total 247808K, used 114816K [0x0000000700000000, 0x0000000700100790, 0x00000007c0000000)
  region size 1024K, 27 young (27648K), 1 survivors (1024K)
 Metaspace       used 90791K, capacity 94641K, committed 98812K, reserved 1134592K
  class space    used 13019K, capacity 13724K, committed 14588K, reserved 1048576K
GC Heap History (10 events):
Event: 4364.107 GC heap before
{Heap before GC invocations=341 (full 46):
 garbage-first heap   total 247808K, used 145873K [0x0000000700000000, 0x0000000700100790, 0x00000007c0000000)
  region size 1024K, 60 young (61440K), 1 survivors (1024K)
 Metaspace       used 90741K, capacity 94513K, committed 98556K, reserved 1132544K
  class space    used 13019K, capacity 13724K, committed 14588K, reserved 1048576K
}
Event: 4364.111 GC heap after
{Heap after GC invocations=342 (full 46):
 garbage-first heap   total 247808K, used 85894K [0x0000000700000000, 0x0000000700100790, 0x00000007c0000000)
  region size 1024K, 1 young (1024K), 1 survivors (1024K)
 Metaspace       used 90741K, capacity 94513K, committed 98556K, reserved 1132544K
  class space    used 13019K, capacity 13724K, committed 14588K, reserved 1048576K
}
Event: 4365.623 GC heap before
{Heap before GC invocations=342 (full 46):
 garbage-first heap   total 247808K, used 146310K [0x0000000700000000, 0x0000000700100790, 0x00000007c0000000)
  region size 1024K, 60 young (61440K), 1 survivors (1024K)
 Metaspace       used 90762K, capacity 94577K, committed 98556K, reserved 1132544K
  class space    used 13019K, capacity 13724K, committed 14588K, reserved 1048576K
}
Event: 4365.627 GC heap after
{Heap after GC invocations=343 (full 46):
 garbage-first heap   total 247808K, used 85951K [0x0000000700000000, 0x0000000700100790, 0x00000007c0000000)
  region size 1024K, 1 young (1024K), 1 survivors (1024K)
 Metaspace       used 90762K, capacity 94577K, committed 98556K, reserved 1132544K
  class space    used 13019K, capacity 13724K, committed 14588K, reserved 1048576K
}
Event: 4366.827 GC heap before
{Heap before GC invocations=343 (full 46):
 garbage-first heap   total 247808K, used 146367K [0x0000000700000000, 0x0000000700100790, 0x00000007c0000000)
  region size 1024K, 60 young (61440K), 1 survivors (1024K)
 Metaspace       used 90781K, capacity 94641K, committed 98812K, reserved 1134592K
  class space    used 13019K, capacity 13724K, committed 14588K, reserved 1048576K
}
Event: 4366.830 GC heap after
{Heap after GC invocations=344 (full 46):
 garbage-first heap   total 247808K, used 85936K [0x0000000700000000, 0x0000000700100790, 0x00000007c0000000)
  region size 1024K, 1 young (1024K), 1 survivors (1024K)
 Metaspace       used 90781K, capacity 94641K, committed 98812K, reserved 1134592K
  class space    used 13019K, capacity 13724K, committed 14588K, reserved 1048576K
}
Event: 4369.089 GC heap before
{Heap before GC invocations=344 (full 46):
 garbage-first heap   total 247808K, used 146352K [0x0000000700000000, 0x0000000700100790, 0x00000007c0000000)
  region size 1024K, 60 young (61440K), 1 survivors (1024K)
 Metaspace       used 90784K, capacity 94641K, committed 98812K, reserved 1134592K
  class space    used 13019K, capacity 13724K, committed 14588K, reserved 1048576K
}
Event: 4369.094 GC heap after
{Heap after GC invocations=345 (full 46):
 garbage-first heap   total 247808K, used 86235K [0x0000000700000000, 0x0000000700100790, 0x00000007c0000000)
  region size 1024K, 1 young (1024K), 1 survivors (1024K)
 Metaspace       used 90784K, capacity 94641K, committed 98812K, reserved 1134592K
  class space    used 13019K, capacity 13724K, committed 14588K, reserved 1048576K
}
Event: 4370.187 GC heap before
{Heap before GC invocations=345 (full 46):
 garbage-first heap   total 247808K, used 146651K [0x0000000700000000, 0x0000000700100790, 0x00000007c0000000)
  region size 1024K, 60 young (61440K), 1 survivors (1024K)
 Metaspace       used 90786K, capacity 94641K, committed 98812K, reserved 1134592K
  class space    used 13019K, capacity 13724K, committed 14588K, reserved 1048576K
}
Event: 4370.191 GC heap after
{Heap after GC invocations=346 (full 46):
 garbage-first heap   total 247808K, used 86144K [0x0000000700000000, 0x0000000700100790, 0x00000007c0000000)
  region size 1024K, 1 young (1024K), 1 survivors (1024K)
 Metaspace       used 90786K, capacity 94641K, committed 98812K, reserved 1134592K
  class space    used 13019K, capacity 13724K, committed 14588K, reserved 1048576K
}

