# JRE version: Java(TM) SE Runtime Environment (9.0+11) (build 9.0.4+11)
# Java VM: Java HotSpot(TM) 64-Bit Server VM (9.0.4+11, mixed mode, tiered, compressed oops, g1 gc, windows-amd64)
Heap:
 garbage-first heap   total 152576K, used 100340K [0x0000000700000000, 0x00000007001004a8, 0x00000007c0000000)
  region size 1024K, 9 young (9216K), 1 survivors (1024K)
 Metaspace       used 90330K, capacity 97317K, committed 97664K, reserved 1132544K
  class space    used 13450K, capacity 14622K, committed 14720K, reserved 1048576K
GC Heap History (10 events):
Event: 2892.032 GC heap before
{Heap before GC invocations=201 (full 30):
 garbage-first heap   total 151552K, used 146568K [0x0000000700000000, 0x00000007001004a0, 0x00000007c0000000)
  region size 1024K, 60 young (61440K), 1 survivors (1024K)
 Metaspace       used 90323K, capacity 97317K, committed 97664K, reserved 1132544K
  class space    used 13449K, capacity 14622K, committed 14720K, reserved 1048576K
}
Event: 2892.036 GC heap after
{Heap after GC invocations=202 (full 30):
 garbage-first heap   total 151552K, used 86084K [0x0000000700000000, 0x00000007001004a0, 0x00000007c0000000)
  region size 1024K, 1 young (1024K), 1 survivors (1024K)
 Metaspace       used 90323K, capacity 97317K, committed 97664K, reserved 1132544K
  class space    used 13449K, capacity 14622K, committed 14720K, reserved 1048576K
}
Event: 2892.642 GC heap before
{Heap before GC invocations=203 (full 30):
 garbage-first heap   total 151552K, used 149572K [0x0000000700000000, 0x00000007001004a0, 0x00000007c0000000)
  region size 1024K, 59 young (60416K), 1 survivors (1024K)
 Metaspace       used 90324K, capacity 97317K, committed 97664K, reserved 1132544K
  class space    used 13449K, capacity 14622K, committed 14720K, reserved 1048576K
}
Event: 2892.646 GC heap after
{Heap after GC invocations=204 (full 30):
 garbage-first heap   total 152576K, used 90271K [0x0000000700000000, 0x00000007001004a8, 0x00000007c0000000)
  region size 1024K, 1 young (1024K), 1 survivors (1024K)
 Metaspace       used 90324K, capacity 97317K, committed 97664K, reserved 1132544K
  class space    used 13449K, capacity 14622K, committed 14720K, reserved 1048576K
}
Event: 2892.675 GC heap before
{Heap before GC invocations=204 (full 30):
 garbage-first heap   total 152576K, used 92319K [0x0000000700000000, 0x00000007001004a8, 0x00000007c0000000)
  region size 1024K, 4 young (4096K), 1 survivors (1024K)
 Metaspace       used 90325K, capacity 97317K, committed 97664K, reserved 1132544K
  class space    used 13449K, capacity 14622K, committed 14720K, reserved 1048576K
}
Event: 2892.679 GC heap after
{Heap after GC invocations=205 (full 30):
 garbage-first heap   total 152576K, used 90196K [0x0000000700000000, 0x00000007001004a8, 0x00000007c0000000)
  region size 1024K, 1 young (1024K), 1 survivors (1024K)
 Metaspace       used 90325K, capacity 97317K, committed 97664K, reserved 1132544K
  class space    used 13449K, capacity 14622K, committed 14720K, reserved 1048576K
}
Event: 2892.691 GC heap before
{Heap before GC invocations=205 (full 30):
 garbage-first heap   total 152576K, used 95316K [0x0000000700000000, 0x00000007001004a8, 0x00000007c0000000)
  region size 1024K, 2 young (2048K), 1 survivors (1024K)
 Metaspace       used 90325K, capacity 97317K, committed 97664K, reserved 1132544K
  class space    used 13449K, capacity 14622K, committed 14720K, reserved 1048576K
}
Event: 2892.978 GC heap after
{Heap after GC invocations=206 (full 31):
 garbage-first heap   total 152576K, used 87795K [0x0000000700000000, 0x00000007001004a8, 0x00000007c0000000)
  region size 1024K, 0 young (0K), 0 survivors (0K)
 Metaspace       used 90325K, capacity 97317K, committed 97664K, reserved 1132544K
  class space    used 13449K, capacity 14622K, committed 14720K, reserved 1048576K
}
Event: 2893.120 GC heap before
{Heap before GC invocations=206 (full 31):
 garbage-first heap   total 152576K, used 108275K [0x0000000700000000, 0x00000007001004a8, 0x00000007c0000000)
  region size 1024K, 21 young (21504K), 0 survivors (0K)
 Metaspace       used 90328K, capacity 97317K, committed 97664K, reserved 1132544K
  class space    used 13449K, capacity 14622K, committed 14720K, reserved 1048576K
}
Event: 2893.123 GC heap after
{Heap after GC invocations=207 (full 31):
 garbage-first heap   total 152576K, used 88052K [0x0000000700000000, 0x00000007001004a8, 0x00000007c0000000)
  region size 1024K, 1 young (1024K), 1 survivors (1024K)
 Metaspace       used 90328K, capacity 97317K, committed 97664K, reserved 1132544K
  class space    used 13449K, capacity 14622K, committed 14720K, reserved 1048576K
}

